<?xml version="1.0" encoding="UTF-8"?>
<!-- Generated by org.testng.reporters.JUnitXMLReporter -->
<testsuite ignored="0" hostname="SFT34" failures="0" tests="4" name="Default test" time="2.745" errors="0" timestamp="08 Aug 2024 10:13:20 GMT">
  <testcase classname="api.tests.EmployeeTests" name="testAddEmployee" time="2.306"/>
  <testcase classname="api.tests.EmployeeTests" name="testGetEmployee" time="0.049"/>
  <testcase classname="api.tests.EmployeeTests" name="testUpdateEmployee" time="0.107"/>
  <testcase classname="api.tests.EmployeeTests" name="testDeleteEmployee" time="0.039"/>
</testsuite> <!-- Default test -->
