<?xml version="1.0" encoding="UTF-8"?>
<!-- Generated by org.testng.reporters.JUnitXMLReporter -->
<testsuite ignored="0" hostname="SFT34" failures="0" tests="4" name="Test" time="3.296" errors="0" timestamp="08 Aug 2024 07:54:32 GMT">
  <testcase classname="api.tests.EmployeeTests" name="testAddEmployee" time="2.579"/>
  <testcase classname="api.tests.EmployeeTests" name="testGetEmployee" time="0.05"/>
  <testcase classname="api.tests.EmployeeTests" name="testUpdateEmployee" time="0.058"/>
  <testcase classname="api.tests.EmployeeTests" name="testDeleteEmployee" time="0.027"/>
</testsuite> <!-- Test -->
