<?xml version="1.0" encoding="UTF-8"?>
<!-- Generated by org.testng.reporters.JUnitXMLReporter -->
<testsuite ignored="0" hostname="SFT34" failures="0" tests="4" name="Test" time="3.178" errors="0" timestamp="2024-08-08T15:50:45 IST">
  <testcase classname="api.tests.EmployeeTests" name="testAddEmployee" time="2.475"/>
  <testcase classname="api.tests.EmployeeTests" name="testGetEmployee" time="0.049"/>
  <testcase classname="api.tests.EmployeeTests" name="testUpdateEmployee" time="0.059"/>
  <testcase classname="api.tests.EmployeeTests" name="testDeleteEmployee" time="0.017"/>
</testsuite> <!-- Test -->
