<?xml version="1.0" encoding="UTF-8"?>
<testng-results ignored="0" total="4" passed="4" failed="0" skipped="0">
  <reporter-output>
  </reporter-output>
  <suite started-at="2024-08-08T15:50:41 IST" name="Suite" finished-at="2024-08-08T15:50:44 IST" duration-ms="3178">
    <groups>
    </groups>
    <test started-at="2024-08-08T15:50:41 IST" name="Test" finished-at="2024-08-08T15:50:44 IST" duration-ms="3178">
      <class name="api.tests.EmployeeTests">
        <test-method is-config="true" signature="setupData()[pri:0, instance:api.tests.EmployeeTests@33065d67]" started-at="2024-08-08T15:50:41 IST" name="setupData" finished-at="2024-08-08T15:50:42 IST" duration-ms="196" status="PASS">
          <reporter-output>
          </reporter-output>
        </test-method> <!-- setupData -->
        <test-method signature="testAddEmployee()[pri:1, instance:api.tests.EmployeeTests@33065d67]" started-at="2024-08-08T15:50:42 IST" name="testAddEmployee" finished-at="2024-08-08T15:50:44 IST" duration-ms="2475" status="PASS">
          <reporter-output>
          </reporter-output>
        </test-method> <!-- testAddEmployee -->
        <test-method signature="testGetEmployee()[pri:2, instance:api.tests.EmployeeTests@33065d67]" started-at="2024-08-08T15:50:44 IST" name="testGetEmployee" finished-at="2024-08-08T15:50:44 IST" depends-on-methods="api.tests.EmployeeTests.testAddEmployee" duration-ms="49" status="PASS">
          <reporter-output>
          </reporter-output>
        </test-method> <!-- testGetEmployee -->
        <test-method signature="testUpdateEmployee()[pri:3, instance:api.tests.EmployeeTests@33065d67]" started-at="2024-08-08T15:50:44 IST" name="testUpdateEmployee" finished-at="2024-08-08T15:50:44 IST" duration-ms="59" status="PASS">
          <reporter-output>
          </reporter-output>
        </test-method> <!-- testUpdateEmployee -->
        <test-method signature="testDeleteEmployee()[pri:4, instance:api.tests.EmployeeTests@33065d67]" started-at="2024-08-08T15:50:44 IST" name="testDeleteEmployee" finished-at="2024-08-08T15:50:44 IST" depends-on-methods="api.tests.EmployeeTests.testUpdateEmployee" duration-ms="17" status="PASS">
          <reporter-output>
          </reporter-output>
        </test-method> <!-- testDeleteEmployee -->
      </class> <!-- api.tests.EmployeeTests -->
    </test> <!-- Test -->
  </suite> <!-- Suite -->
</testng-results>
